[debug] [2023-10-15T11:50:03.839Z] ----------------------------------------------------------------------
[debug] [2023-10-15T11:50:03.841Z] Command:       C:\Program Files\nodejs\node.exe C:\Users\Asus\AppData\Roaming\npm\node_modules\firebase-tools\lib\bin\firebase.js init
[debug] [2023-10-15T11:50:03.841Z] CLI Version:   12.7.0
[debug] [2023-10-15T11:50:03.842Z] Platform:      win32
[debug] [2023-10-15T11:50:03.842Z] Node Version:  v16.14.0
[debug] [2023-10-15T11:50:03.842Z] Time:          Sun Oct 15 2023 18:50:03 GMT+0700 (Indochina Time)
[debug] [2023-10-15T11:50:03.843Z] ----------------------------------------------------------------------
[debug] 
[debug] [2023-10-15T11:50:03.850Z] > command requires scopes: ["email","openid","https://www.googleapis.com/auth/cloudplatformprojects.readonly","https://www.googleapis.com/auth/firebase","https://www.googleapis.com/auth/cloud-platform"]
[debug] [2023-10-15T11:50:03.850Z] > authorizing via signed-in user (tminhkhoa91@gmail.com)
[info] 
     ######## #### ########  ######## ########     ###     ######  ########
     ##        ##  ##     ## ##       ##     ##  ##   ##  ##       ##
     ######    ##  ########  ######   ########  #########  ######  ######
     ##        ##  ##    ##  ##       ##     ## ##     ##       ## ##
     ##       #### ##     ## ######## ########  ##     ##  ######  ########

You're about to initialize a Firebase project in this directory:

  D:\Khoa Học Tự Nhiên\Code\nmCNPM\Thực hành\W2-Team-Page

[info] 
=== Project Setup
[info] 
[info] First, let's associate this project directory with a Firebase project.
[info] You can create multiple project aliases by running firebase use --add, 
[info] but for now we'll just set up a default project.
[info] 
[debug] [2023-10-15T11:50:37.643Z] >>> [apiv2][query] GET https://firebase.googleapis.com/v1beta1/projects pageSize=100
[debug] [2023-10-15T11:50:38.270Z] <<< [apiv2][status] GET https://firebase.googleapis.com/v1beta1/projects 200
[debug] [2023-10-15T11:50:38.271Z] <<< [apiv2][body] GET https://firebase.googleapis.com/v1beta1/projects [omitted]
[info] i  Using project wibuteam-8d09e (WibuTeam) 
[info] 
=== Hosting Setup
[info] 
[info] Your public directory is the folder (relative to your project directory) that
[info] will contain Hosting assets to be uploaded with firebase deploy. If you
[info] have a build process for your assets, use your build's output directory.
[info] 
[debug] [2023-10-15T11:52:36.479Z] >>> [apiv2][query] GET https://www.gstatic.com/firebasejs/releases.json [none]
[debug] [2023-10-15T11:52:36.681Z] <<< [apiv2][status] GET https://www.gstatic.com/firebasejs/releases.json 200
[debug] [2023-10-15T11:52:36.681Z] <<< [apiv2][body] GET https://www.gstatic.com/firebasejs/releases.json {"current":{"version":"10.5.0","browserURL":"https://www.gstatic.com/firebasejs/10.5.0/firebase.js","packageURL":"https://www.gstatic.com/firebasejs/10.5.0/firebase.tgz"},"live":{"version":"10.5","browserURL":"https://www.gstatic.com/firebasejs/live/10.5/firebase.js","packageURL":"https://www.gstatic.com/firebasejs/live/10.5/firebase.tgz"},"components":{"analytics":"https://www.gstatic.com/firebasejs/10.5.0/firebase-analytics.js","app":"https://www.gstatic.com/firebasejs/10.5.0/firebase-app.js","app-check":"https://www.gstatic.com/firebasejs/10.5.0/firebase-app-check.js","auth":"https://www.gstatic.com/firebasejs/10.5.0/firebase-auth.js","auth/cordova":"https://www.gstatic.com/firebasejs/10.5.0/firebase-auth/cordova.js","functions":"https://www.gstatic.com/firebasejs/10.5.0/firebase-functions.js","firestore":"https://www.gstatic.com/firebasejs/10.5.0/firebase-firestore.js","firestore/lite":"https://www.gstatic.com/firebasejs/10.5.0/firebase-firestore/lite.js","installations":"https://www.gstatic.com/firebasejs/10.5.0/firebase-installations.js","storage":"https://www.gstatic.com/firebasejs/10.5.0/firebase-storage.js","performance":"https://www.gstatic.com/firebasejs/10.5.0/firebase-performance.js","remote-config":"https://www.gstatic.com/firebasejs/10.5.0/firebase-remote-config.js","messaging":"https://www.gstatic.com/firebasejs/10.5.0/firebase-messaging.js","messaging/sw":"https://www.gstatic.com/firebasejs/10.5.0/firebase-messaging/sw.js","database":"https://www.gstatic.com/firebasejs/10.5.0/firebase-database.js","firestore.memory":"https://www.gstatic.com/firebasejs/10.5.0/firebase-firestore.memory.js"}}
[info] +  Wrote Y/index.html 
[info] 
[info] i  Didn't detect a .git folder. Assuming D:\Khoa Học Tự Nhiên\Code\nmCNPM\Thực hành\W2-Team-Page is the project root. 
[info] i  Authorizing with GitHub to upload your service account to a GitHub repository's secrets store. 
[info] 
[info] Visit this URL on this device to log in:
[info] https://github.com/login/oauth/authorize?client_id=89cf50f02ac6aaed3484&state=471240444&redirect_uri=http%3A%2F%2Flocalhost%3A9005&scope=read%3Auser%20repo%20public_repo
[info] 
[info] Waiting for authentication...
[debug] [2023-10-15T11:52:52.489Z] >>> [apiv2][query] POST https://github.com/login/oauth/access_token [none]
[debug] [2023-10-15T11:52:52.489Z] >>> [apiv2][body] POST https://github.com/login/oauth/access_token [stream]
[debug] [2023-10-15T11:52:53.420Z] <<< [apiv2][status] POST https://github.com/login/oauth/access_token 200
[debug] [2023-10-15T11:52:53.421Z] <<< [apiv2][body] POST https://github.com/login/oauth/access_token {"access_token":"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","token_type":"bearer","scope":"read:user,repo"}
[debug] [2023-10-15T11:52:53.450Z] >>> [apiv2][query] GET https://api.github.com/user [none]
[debug] [2023-10-15T11:52:54.243Z] <<< [apiv2][status] GET https://api.github.com/user 200
[debug] [2023-10-15T11:52:54.243Z] <<< [apiv2][body] GET https://api.github.com/user {"login":"Tran-Minh-Khoa","id":99416417,"node_id":"U_kgDOBez5YQ","avatar_url":"https://avatars.githubusercontent.com/u/99416417?v=4","gravatar_id":"","url":"https://api.github.com/users/Tran-Minh-Khoa","html_url":"https://github.com/Tran-Minh-Khoa","followers_url":"https://api.github.com/users/Tran-Minh-Khoa/followers","following_url":"https://api.github.com/users/Tran-Minh-Khoa/following{/other_user}","gists_url":"https://api.github.com/users/Tran-Minh-Khoa/gists{/gist_id}","starred_url":"https://api.github.com/users/Tran-Minh-Khoa/starred{/owner}{/repo}","subscriptions_url":"https://api.github.com/users/Tran-Minh-Khoa/subscriptions","organizations_url":"https://api.github.com/users/Tran-Minh-Khoa/orgs","repos_url":"https://api.github.com/users/Tran-Minh-Khoa/repos","events_url":"https://api.github.com/users/Tran-Minh-Khoa/events{/privacy}","received_events_url":"https://api.github.com/users/Tran-Minh-Khoa/received_events","type":"User","site_admin":false,"name":null,"company":null,"blog":"","location":null,"email":null,"hireable":null,"bio":null,"twitter_username":null,"public_repos":5,"public_gists":0,"followers":1,"following":0,"created_at":"2022-02-10T15:28:14Z","updated_at":"2023-10-15T11:52:51Z","private_gists":0,"total_private_repos":6,"owned_private_repos":6,"disk_usage":25851,"collaborators":0,"two_factor_authentication":false,"plan":{"name":"free","space":976562499,"collaborators":0,"private_repos":10000}}
[info] 
[info] +  Success! Logged into GitHub as Tran-Minh-Khoa 
[info] 
